# Logfile created on 2014-02-08 10:34:49 -0800 by logger.rb/41954
I, [2014-02-08T10:34:49.817692 #19972]  INFO -- : 0:  rake (10.1.0) from /Users/brantleybeaird/.rvm/gems/ruby-2.0.0-p353/specifications/rake-10.1.0.gemspec
I, [2014-02-08T10:34:50.744141 #19972]  INFO -- : 0:  i18n (0.6.1) from /Users/brantleybeaird/.rvm/gems/ruby-2.0.0-p353/specifications/i18n-0.6.1.gemspec
I, [2014-02-08T10:34:51.162211 #19972]  INFO -- : 0:  multi_json (1.6.1) from /Users/brantleybeaird/.rvm/gems/ruby-2.0.0-p353/specifications/multi_json-1.6.1.gemspec
I, [2014-02-08T10:34:52.340540 #19972]  INFO -- : 0:  activesupport (3.2.12) from /Users/brantleybeaird/.rvm/gems/ruby-2.0.0-p353/specifications/activesupport-3.2.12.gemspec
I, [2014-02-08T10:34:52.341098 #19972]  INFO -- : 0:  builder (3.0.4) from /Users/brantleybeaird/.rvm/gems/ruby-2.0.0-p353/specifications/builder-3.0.4.gemspec
I, [2014-02-08T10:34:52.854778 #19972]  INFO -- : 0:  activemodel (3.2.12) from /Users/brantleybeaird/.rvm/gems/ruby-2.0.0-p353/specifications/activemodel-3.2.12.gemspec
I, [2014-02-08T10:34:53.721979 #19972]  INFO -- : 0:  arel (3.0.2) from /Users/brantleybeaird/.rvm/gems/ruby-2.0.0-p353/specifications/arel-3.0.2.gemspec
I, [2014-02-08T10:34:55.356143 #19972]  INFO -- : 0:  tzinfo (0.3.35) from /Users/brantleybeaird/.rvm/gems/ruby-2.0.0-p353/specifications/tzinfo-0.3.35.gemspec
I, [2014-02-08T10:34:56.232006 #19972]  INFO -- : 0:  activerecord (3.2.12) from /Users/brantleybeaird/.rvm/gems/ruby-2.0.0-p353/specifications/activerecord-3.2.12.gemspec
I, [2014-02-08T10:34:57.639216 #19972]  INFO -- : 0:  backports (3.3.3) from /Users/brantleybeaird/.rvm/gems/ruby-2.0.0-p353/specifications/backports-3.3.3.gemspec
I, [2014-02-08T10:34:58.515575 #19972]  INFO -- : 0:  daemons (1.1.9) from /Users/brantleybeaird/.rvm/gems/ruby-2.0.0-p353/specifications/daemons-1.1.9.gemspec
I, [2014-02-08T10:34:59.063696 #19972]  INFO -- : 0:  diff-lcs (1.2.4) from /Users/brantleybeaird/.rvm/gems/ruby-2.0.0-p353/specifications/diff-lcs-1.2.4.gemspec
I, [2014-02-08T10:35:10.983587 #19972]  INFO -- : 0:  eventmachine (1.0.3) from /Users/brantleybeaird/.rvm/gems/ruby-2.0.0-p353/specifications/eventmachine-1.0.3.gemspec
I, [2014-02-08T10:35:12.235450 #19972]  INFO -- : 0:  factory_girl (4.2.0) from /Users/brantleybeaird/.rvm/gems/ruby-2.0.0-p353/specifications/factory_girl-4.2.0.gemspec
I, [2014-02-08T10:35:14.274845 #19972]  INFO -- : 0:  faker (1.1.2) from /Users/brantleybeaird/.rvm/gems/ruby-2.0.0-p353/specifications/faker-1.1.2.gemspec
I, [2014-02-08T10:35:18.499317 #19972]  INFO -- : 0:  pg (0.14.1) from /Users/brantleybeaird/.rvm/gems/ruby-2.0.0-p353/specifications/pg-0.14.1.gemspec
I, [2014-02-08T10:35:18.500043 #19972]  INFO -- : 0:  rack (1.5.2) from /Users/brantleybeaird/.rvm/gems/ruby-2.0.0-p353/specifications/rack-1.5.2.gemspec
I, [2014-02-08T10:35:19.155332 #19972]  INFO -- : 0:  rack-protection (1.5.0) from /Users/brantleybeaird/.rvm/gems/ruby-2.0.0-p353/specifications/rack-protection-1.5.0.gemspec
I, [2014-02-08T10:35:19.155756 #19972]  INFO -- : 0:  rack-test (0.6.2) from /Users/brantleybeaird/.rvm/gems/ruby-2.0.0-p353/specifications/rack-test-0.6.2.gemspec
I, [2014-02-08T10:35:20.393479 #19972]  INFO -- : 0:  rspec-core (2.14.5) from /Users/brantleybeaird/.rvm/gems/ruby-2.0.0-p353/specifications/rspec-core-2.14.5.gemspec
I, [2014-02-08T10:35:21.321182 #19972]  INFO -- : 0:  rspec-expectations (2.14.2) from /Users/brantleybeaird/.rvm/gems/ruby-2.0.0-p353/specifications/rspec-expectations-2.14.2.gemspec
I, [2014-02-08T10:35:22.230702 #19972]  INFO -- : 0:  rspec-mocks (2.14.3) from /Users/brantleybeaird/.rvm/gems/ruby-2.0.0-p353/specifications/rspec-mocks-2.14.3.gemspec
I, [2014-02-08T10:35:22.839086 #19972]  INFO -- : 0:  rspec (2.14.1) from /Users/brantleybeaird/.rvm/gems/ruby-2.0.0-p353/specifications/rspec-2.14.1.gemspec
I, [2014-02-08T10:35:23.554204 #19972]  INFO -- : 0:  shotgun (0.9) from /Users/brantleybeaird/.rvm/gems/ruby-2.0.0-p353/specifications/shotgun-0.9.gemspec
I, [2014-02-08T10:35:24.399626 #19972]  INFO -- : 0:  shoulda-matchers (2.3.0) from /Users/brantleybeaird/.rvm/gems/ruby-2.0.0-p353/specifications/shoulda-matchers-2.3.0.gemspec
I, [2014-02-08T10:35:24.400103 #19972]  INFO -- : 0:  tilt (1.4.1) from /Users/brantleybeaird/.rvm/gems/ruby-2.0.0-p353/specifications/tilt-1.4.1.gemspec
I, [2014-02-08T10:35:25.777151 #19972]  INFO -- : 0:  sinatra (1.4.3) from /Users/brantleybeaird/.rvm/gems/ruby-2.0.0-p353/specifications/sinatra-1.4.3.gemspec
I, [2014-02-08T10:35:26.892859 #19972]  INFO -- : 0:  sinatra-contrib (1.4.1) from /Users/brantleybeaird/.rvm/gems/ruby-2.0.0-p353/specifications/sinatra-contrib-1.4.1.gemspec
I, [2014-02-08T10:35:28.329353 #19972]  INFO -- : 0:  thin (1.5.0) from /Users/brantleybeaird/.rvm/gems/ruby-2.0.0-p353/specifications/thin-1.5.0.gemspec
I, [2014-02-08T10:35:28.329915 #19972]  INFO -- : 0:  bundler (1.5.1) from /Users/brantleybeaird/.rvm/gems/ruby-2.0.0-p353@global/specifications/bundler-1.5.1.gemspec
